<?xml version="1.0" encoding="UTF-8"?>
<!-- Generated by org.testng.reporters.JUnitReportReporter -->
<testsuite hostname="NE46Rs" failures="0" tests="1" name="firstTest.firstJava" time="0.022" errors="0" timestamp="2021-07-28T01:50:16 IST" skipped="0">
  <testcase classname="firstTest.firstJava" name="Step1" time="0.022"/>
  <system-out/>
</testsuite> <!-- firstTest.firstJava -->
