<?xml version="1.0" encoding="UTF-8"?>
<!-- Generated by org.testng.reporters.JUnitReportReporter -->
<testsuite hostname="NE46Rs" failures="0" tests="1" name="firstTest.firstSelenium" time="12.583" errors="0" timestamp="2021-07-28T01:28:13 IST" skipped="0">
  <testcase classname="firstTest.firstSelenium" name="step1" time="12.583"/>
  <system-out/>
</testsuite> <!-- firstTest.firstSelenium -->
