<?xml version="1.0" encoding="UTF-8"?>
<!-- Generated by org.testng.reporters.JUnitReportReporter -->
<testsuite hostname="NE46Rs" failures="0" tests="1" name="firstTest.NewTest" time="0.003" errors="0" timestamp="2021-07-28T01:50:16 IST" skipped="0">
  <testcase classname="firstTest.NewTest" name="f" time="0.003"/>
  <system-out/>
</testsuite> <!-- firstTest.NewTest -->
